Random Forest Scores:

       --- Best Parameters ---
{'n_estimators': 50, 'min_samples_split': 4, 'max_features': 0.5, 'max_depth': 11, 'criterion': 'entropy'} 

Train Accuracy :  0.8828979591836734
Test Accuracy :  0.8344761904761905 

     --- Classification Metrics (Test Set) ---
             precision    recall  f1-score   support

       High       0.80      0.82      0.81      3902
        Low       0.94      0.89      0.91     13224
        Med       0.57      0.68      0.62      3874

avg / total       0.85      0.83      0.84     21000

Random Forest Score (Even bins)

       --- Best Parameters ---
{'n_estimators': 50, 'min_samples_split': 6, 'max_features': 1.0, 'max_depth': 11, 'criterion': 'entropy'} 

Train Accuracy :  0.9434489795918367
Test Accuracy :  0.9234761904761905 

     --- Classification Metrics (Test Set) ---
             precision    recall  f1-score   support

       High       0.72      0.73      0.73       473
        Low       0.99      0.94      0.96     19492
        Med       0.38      0.76      0.51      1035

avg / total       0.95      0.92      0.93     21000

Log Reg Scores:

       --- Best Parameters ---
{'lr__penalty': 'l2', 'lr__C': 1.0} 

Train Accuracy :  0.8166734693877551
Test Accuracy :  0.8127142857142857 

     --- Classification Metrics (Test Set) ---
             precision    recall  f1-score   support

       High       0.74      0.83      0.78      3902
        Low       0.91      0.90      0.90     13224
        Med       0.55      0.49      0.52      3874

avg / total       0.81      0.81      0.81     21000

Log Reg with PCA Scores:

       --- Best Parameters ---
{'pca__n_components': 15, 'lr__penalty': 'l2', 'lr__C': 1.0} 

Train Accuracy :  0.8015714285714286
Test Accuracy :  0.8034761904761905 

     --- Classification Metrics (Test Set) ---
             precision    recall  f1-score   support

       High       0.69      0.85      0.76      3902
        Low       0.89      0.92      0.90     13224
        Med       0.56      0.35      0.43      3874

avg / total       0.79      0.80      0.79     21000

